<?xml version="1.0" encoding="UTF-8"?>
<!-- Generated by org.testng.reporters.JUnitXMLReporter -->
<testsuite hostname="DESKTOP-1FOGHDV" ignored="3" name="Default test" tests="1" failures="0" timestamp="2020-05-06T20:03:48 CDT" time="1.564" errors="0">
  <testcase name="getReservation" time="1.537" classname="tests.AirlineTest"/>
  <testcase name="newReservation" time="0.0" classname="tests.AirlineTest">
    <ignored/>
  </testcase> <!-- newReservation -->
  <testcase name="newFlight" time="0.0" classname="tests.AirlineTest">
    <ignored/>
  </testcase> <!-- newFlight -->
  <testcase name="getFlight" time="0.0" classname="tests.AirlineTest">
    <ignored/>
  </testcase> <!-- getFlight -->
</testsuite> <!-- Default test -->
