<?xml version="1.0" encoding="UTF-8"?>
<!-- Generated by org.testng.reporters.JUnitXMLReporter -->
<testsuite hostname="DESKTOP-1FOGHDV" ignored="3" name="Default test" tests="1" failures="0" timestamp="2020-05-07T13:54:17 CDT" time="1.507" errors="0">
  <testcase name="newFlight" time="1.477" classname="tests.AirlineTest"/>
  <testcase name="newReservation" time="0.0" classname="tests.AirlineTest">
    <ignored/>
  </testcase> <!-- newReservation -->
  <testcase name="getReservation" time="0.0" classname="tests.AirlineTest">
    <ignored/>
  </testcase> <!-- getReservation -->
  <testcase name="getFlight" time="0.0" classname="tests.AirlineTest">
    <ignored/>
  </testcase> <!-- getFlight -->
</testsuite> <!-- Default test -->
