<?xml version="1.0" encoding="UTF-8"?>
<testng-results skipped="0" failed="0" ignored="3" total="4" passed="1">
  <reporter-output>
  </reporter-output>
  <suite name="Default suite" duration-ms="1564" started-at="2020-05-06T20:03:46 CDT" finished-at="2020-05-06T20:03:48 CDT">
    <groups>
    </groups>
    <test name="Default test" duration-ms="1564" started-at="2020-05-06T20:03:46 CDT" finished-at="2020-05-06T20:03:48 CDT">
      <class name="tests.AirlineTest">
        <test-method status="PASS" signature="getReservation()[pri:0, instance:tests.AirlineTest@1b68ddbd]" name="getReservation" duration-ms="1537" started-at="2020-05-06T20:03:46 CDT" finished-at="2020-05-06T20:03:48 CDT">
          <reporter-output>
          </reporter-output>
        </test-method> <!-- getReservation -->
      </class> <!-- tests.AirlineTest -->
    </test> <!-- Default test -->
  </suite> <!-- Default suite -->
</testng-results>
